<?xml version="1.0" encoding="UTF-8"?>
<!-- Generated by org.testng.reporters.JUnitReportReporter -->
<testsuite hostname="LAPTOP-UC17UNEQ" failures="0" tests="1" name="org.selenium.MyFirstTestCase" time="16.046" errors="0" timestamp="2022-10-05T21:53:46 IST" skipped="0">
  <testcase classname="org.selenium.MyFirstTestCase" name="guestCheckoutUsingDirectBankTransfer" time="16.046"/>
  <system-out/>
</testsuite> <!-- org.selenium.MyFirstTestCase -->
