<?xml version="1.0" encoding="UTF-8"?>
<!-- Generated by org.testng.reporters.JUnitReportReporter -->
<testsuite hostname="LAPTOP-UC17UNEQ" failures="0" tests="4" name="org.selenium.pom.tests.MyFirstTestCase" time="25.056" errors="0" timestamp="2022-10-06T21:03:55 IST" skipped="2">
  <testcase classname="org.selenium.pom.tests.MyFirstTestCase" name="guestCheckoutUsingDirectBankTransfer" time="10.937"/>
  <system-out/>
  <testcase classname="org.selenium.pom.tests.MyFirstTestCase" name="guestCheckoutUsingDirectBankTransfer" time="14.119"/>
  <system-out/>
  <testcase classname="org.selenium.pom.tests.MyFirstTestCase" name="loginAndGuestCheckoutUSingDirectBankTransfer">
    <skipped/>
  </testcase> <!-- loginAndGuestCheckoutUSingDirectBankTransfer -->
  <system-out/>
  <testcase classname="org.selenium.pom.tests.MyFirstTestCase" name="loginAndGuestCheckoutUSingDirectBankTransfer">
    <skipped/>
  </testcase> <!-- loginAndGuestCheckoutUSingDirectBankTransfer -->
  <system-out/>
</testsuite> <!-- org.selenium.pom.tests.MyFirstTestCase -->
