<?xml version="1.0" encoding="UTF-8"?>
<!-- Generated by org.testng.reporters.JUnitReportReporter -->
<testsuite hostname="LAPTOP-UC17UNEQ" failures="0" tests="2" name="org.selenium.pom.tests.MyFirstTestCase" time="14.432" errors="0" timestamp="2022-10-06T20:43:49 IST" skipped="1">
  <testcase classname="org.selenium.pom.tests.MyFirstTestCase" name="guestCheckoutUsingDirectBankTransfer" time="14.432"/>
  <system-out/>
  <testcase classname="org.selenium.pom.tests.MyFirstTestCase" name="loginAndGuestCheckoutUSingDirectBankTransfer">
    <skipped/>
  </testcase> <!-- loginAndGuestCheckoutUSingDirectBankTransfer -->
  <system-out/>
</testsuite> <!-- org.selenium.pom.tests.MyFirstTestCase -->
